{"type":"server-started","port":55000,"host":"127.0.0.1","url_host":"localhost","url":"http://localhost:55000","screen_dir":"/Users/waskarpaulino/Desktop/Personal/projects/my-portfolio/.superpowers/brainstorm/12767-1775451248/content","state_dir":"/Users/waskarpaulino/Desktop/Personal/projects/my-portfolio/.superpowers/brainstorm/12767-1775451248/state"}
{"type":"screen-added","file":"/Users/waskarpaulino/Desktop/Personal/projects/my-portfolio/.superpowers/brainstorm/12767-1775451248/content/strip-layouts.html"}
{"type":"screen-updated","file":"/Users/waskarpaulino/Desktop/Personal/projects/my-portfolio/.superpowers/brainstorm/12767-1775451248/content/strip-layouts.html"}
{"type":"screen-updated","file":"/Users/waskarpaulino/Desktop/Personal/projects/my-portfolio/.superpowers/brainstorm/12767-1775451248/content/strip-layouts.html"}
{"source":"user-event","type":"click","text":"Latest\n        \n        \n          \n          \n            ✏️ Writing\n            The Bodega Cat Runs the Place\n            Mar 15, 2026 · Substack\n          \n          \n          \n            🎤 Speaking\n            AI in Creative Workflows\n            Apr 20, 2026 · PhillyJS\n          \n          \n          \n            🔨 Code\n            my-portfolio\n            Updated 2 days ago\n          \n        \n      \n    \n    \n      A — Horizontal Row\n      Three equal cards in a row. Clean, balanced. Collapses to a vertical stack on mobile. Each card links out to the source.","choice":"a","id":null,"timestamp":1775451510207}
{"source":"user-event","type":"click","text":"Latest\n          \n            \n            \n              Writing\n              The Bodega Cat Runs the Place\n              Mar 15\n            \n            \n            \n              Speaking\n              AI in Creative Workflows — PhillyJS\n              Apr 20\n            \n            \n            \n              Code\n              my-portfolio\n              2d ago\n            \n          \n        \n      \n    \n    \n      B — Compact List\n      Single card with a stacked list of items. Minimal footprint, feels like a changelog or activity feed. Easy to scan quickly.","choice":"b","id":null,"timestamp":1775451511510}
{"source":"user-event","type":"click","text":"Latest\n        \n        \n          \n          \n            ✏️ Writing\n            The Bodega Cat Runs the Place\n            Mar 15, 2026 · Substack\n          \n          \n          \n            🎤 Speaking\n            AI in Creative Workflows\n            Apr 20, 2026 · PhillyJS\n          \n          \n          \n            🔨 Code\n            my-portfolio\n            Updated 2 days ago\n          \n        \n      \n    \n    \n      A — Horizontal Row\n      Three equal cards in a row. Clean, balanced. Collapses to a vertical stack on mobile. Each card links out to the source.","choice":"a","id":null,"timestamp":1775451514172}
{"source":"user-event","type":"click","text":"Latest\n        \n        \n          \n          \n            ✏️ New Post\n            The Bodega Cat Runs the Place\n            Why the scrappiest person in the room usually wins — lessons from building Ideate...\n            Mar 15, 2026 · Substack\n          \n          \n          \n            \n              🎤 Next Talk\n              PhillyJS\n              Apr 20\n            \n            \n              🔨 Shipped\n              my-portfolio\n              2d ago\n            \n          \n        \n      \n    \n    \n      C — Asymmetric Feature\n      Writing post gets a hero-sized card with summary; talk and code are smaller side items. Emphasizes your latest writing as the main draw.","choice":"c","id":null,"timestamp":1775451524706}
{"type":"screen-added","file":"/Users/waskarpaulino/Desktop/Personal/projects/my-portfolio/.superpowers/brainstorm/12767-1775451248/content/strip-states.html"}
{"type":"screen-updated","file":"/Users/waskarpaulino/Desktop/Personal/projects/my-portfolio/.superpowers/brainstorm/12767-1775451248/content/strip-states.html"}
{"type":"screen-updated","file":"/Users/waskarpaulino/Desktop/Personal/projects/my-portfolio/.superpowers/brainstorm/12767-1775451248/content/strip-states.html"}
{"type":"screen-updated","file":"/Users/waskarpaulino/Desktop/Personal/projects/my-portfolio/.superpowers/brainstorm/12767-1775451248/content/strip-states.html"}
{"type":"screen-added","file":"/Users/waskarpaulino/Desktop/Personal/projects/my-portfolio/.superpowers/brainstorm/12767-1775451248/content/strip-enriched.html"}
{"type":"screen-updated","file":"/Users/waskarpaulino/Desktop/Personal/projects/my-portfolio/.superpowers/brainstorm/12767-1775451248/content/strip-enriched.html"}
{"type":"screen-updated","file":"/Users/waskarpaulino/Desktop/Personal/projects/my-portfolio/.superpowers/brainstorm/12767-1775451248/content/strip-enriched.html"}
{"type":"screen-added","file":"/Users/waskarpaulino/Desktop/Personal/projects/my-portfolio/.superpowers/brainstorm/12767-1775451248/content/strip-final.html"}
{"type":"screen-updated","file":"/Users/waskarpaulino/Desktop/Personal/projects/my-portfolio/.superpowers/brainstorm/12767-1775451248/content/strip-final.html"}
{"type":"screen-updated","file":"/Users/waskarpaulino/Desktop/Personal/projects/my-portfolio/.superpowers/brainstorm/12767-1775451248/content/strip-final.html"}
{"type":"screen-updated","file":"/Users/waskarpaulino/Desktop/Personal/projects/my-portfolio/.superpowers/brainstorm/12767-1775451248/content/strip-final.html"}
{"type":"screen-added","file":"/Users/waskarpaulino/Desktop/Personal/projects/my-portfolio/.superpowers/brainstorm/12767-1775451248/content/waiting.html"}
{"type":"screen-updated","file":"/Users/waskarpaulino/Desktop/Personal/projects/my-portfolio/.superpowers/brainstorm/12767-1775451248/content/waiting.html"}
{"type":"screen-updated","file":"/Users/waskarpaulino/Desktop/Personal/projects/my-portfolio/.superpowers/brainstorm/12767-1775451248/content/waiting.html"}
{"type":"server-stopped","reason":"idle timeout"}
